2017-02-25 22:43:20.603+0000 WARN  [o.n.i.p.PageCache] The dbms.memory.pagecache.size setting has not been configured. It is recommended that this setting is always explicitly configured, to ensure the system has a balanced configuration. Until then, a computed heuristic value of 4953018368 bytes will be used instead. 
2017-02-25 22:43:20.673+0000 INFO  [o.n.k.i.f.CommunityEditionModule] No locking implementation specified, defaulting to 'community'
2017-02-25 22:43:20.780+0000 INFO  [o.n.k.AvailabilityGuard] Requirement makes database unavailable: Database available
2017-02-25 22:43:20.798+0000 INFO  [o.n.k.i.DiagnosticsManager] --- INITIALIZED diagnostics START ---
2017-02-25 22:43:20.798+0000 INFO  [o.n.k.i.DiagnosticsManager] Neo4j Kernel properties:
2017-02-25 22:43:20.798+0000 INFO  [o.n.k.i.DiagnosticsManager] dbms.connector.http.enabled=true
2017-02-25 22:43:20.799+0000 INFO  [o.n.k.i.DiagnosticsManager] dbms.security.auth_enabled=true
2017-02-25 22:43:20.799+0000 INFO  [o.n.k.i.DiagnosticsManager] dbms.logs.http.enabled=false
2017-02-25 22:43:20.799+0000 INFO  [o.n.k.i.DiagnosticsManager] unsupported.dbms.directories.neo4j_home=C:\Users\gOmZy\Documents\Neo4j\Airlines
2017-02-25 22:43:20.799+0000 INFO  [o.n.k.i.DiagnosticsManager] dbms.directories.import=import
2017-02-25 22:43:20.799+0000 INFO  [o.n.k.i.DiagnosticsManager] unsupported.dbms.edition=community
2017-02-25 22:43:20.799+0000 INFO  [o.n.k.i.DiagnosticsManager] dbms.connector.bolt.enabled=true
2017-02-25 22:43:20.799+0000 INFO  [o.n.k.i.DiagnosticsManager] dbms.connector.https.enabled=true
2017-02-25 22:43:20.799+0000 INFO  [o.n.k.i.DiagnosticsManager] unsupported.dbms.directories.database=C:\Users\gOmZy\Documents\Neo4j\Airlines
2017-02-25 22:43:20.799+0000 INFO  [o.n.k.i.DiagnosticsManager] Diagnostics providers:
2017-02-25 22:43:20.799+0000 INFO  [o.n.k.i.DiagnosticsManager] org.neo4j.kernel.configuration.Config
2017-02-25 22:43:20.799+0000 INFO  [o.n.k.i.DiagnosticsManager] org.neo4j.kernel.info.DiagnosticsManager
2017-02-25 22:43:20.799+0000 INFO  [o.n.k.i.DiagnosticsManager] SYSTEM_MEMORY
2017-02-25 22:43:20.799+0000 INFO  [o.n.k.i.DiagnosticsManager] JAVA_MEMORY
2017-02-25 22:43:20.799+0000 INFO  [o.n.k.i.DiagnosticsManager] OPERATING_SYSTEM
2017-02-25 22:43:20.799+0000 INFO  [o.n.k.i.DiagnosticsManager] JAVA_VIRTUAL_MACHINE
2017-02-25 22:43:20.799+0000 INFO  [o.n.k.i.DiagnosticsManager] CLASSPATH
2017-02-25 22:43:20.799+0000 INFO  [o.n.k.i.DiagnosticsManager] LIBRARY_PATH
2017-02-25 22:43:20.799+0000 INFO  [o.n.k.i.DiagnosticsManager] SYSTEM_PROPERTIES
2017-02-25 22:43:20.799+0000 INFO  [o.n.k.i.DiagnosticsManager] NETWORK
2017-02-25 22:43:20.799+0000 INFO  [o.n.k.i.DiagnosticsManager] System memory information:
2017-02-25 22:43:20.801+0000 INFO  [o.n.k.i.DiagnosticsManager] Total Physical memory: 11.86 GB
2017-02-25 22:43:20.801+0000 INFO  [o.n.k.i.DiagnosticsManager] Free Physical memory: 6.01 GB
2017-02-25 22:43:20.801+0000 INFO  [o.n.k.i.DiagnosticsManager] Committed virtual memory: 354.12 MB
2017-02-25 22:43:20.802+0000 INFO  [o.n.k.i.DiagnosticsManager] Total swap space: 15.49 GB
2017-02-25 22:43:20.802+0000 INFO  [o.n.k.i.DiagnosticsManager] Free swap space: 7.97 GB
2017-02-25 22:43:20.802+0000 INFO  [o.n.k.i.DiagnosticsManager] JVM memory information:
2017-02-25 22:43:20.802+0000 INFO  [o.n.k.i.DiagnosticsManager] Free  memory: 63.50 MB
2017-02-25 22:43:20.802+0000 INFO  [o.n.k.i.DiagnosticsManager] Total memory: 120.50 MB
2017-02-25 22:43:20.802+0000 INFO  [o.n.k.i.DiagnosticsManager] Max   memory: 2.64 GB
2017-02-25 22:43:20.805+0000 INFO  [o.n.k.i.DiagnosticsManager] Garbage Collector: PS Scavenge: [PS Eden Space, PS Survivor Space]
2017-02-25 22:43:20.806+0000 INFO  [o.n.k.i.DiagnosticsManager] Garbage Collector: PS MarkSweep: [PS Eden Space, PS Survivor Space, PS Old Gen]
2017-02-25 22:43:20.806+0000 INFO  [o.n.k.i.DiagnosticsManager] Memory Pool: Code Cache (Non-heap memory): committed=7.81 MB, used=7.79 MB, max=240.00 MB, threshold=0.00 B
2017-02-25 22:43:20.806+0000 INFO  [o.n.k.i.DiagnosticsManager] Memory Pool: Metaspace (Non-heap memory): committed=23.55 MB, used=22.95 MB, max=-1.00 B, threshold=0.00 B
2017-02-25 22:43:20.807+0000 INFO  [o.n.k.i.DiagnosticsManager] Memory Pool: Compressed Class Space (Non-heap memory): committed=3.30 MB, used=3.14 MB, max=1.00 GB, threshold=0.00 B
2017-02-25 22:43:20.807+0000 INFO  [o.n.k.i.DiagnosticsManager] Memory Pool: PS Eden Space (Heap memory): committed=48.00 MB, used=48.00 MB, max=997.50 MB, threshold=?
2017-02-25 22:43:20.807+0000 INFO  [o.n.k.i.DiagnosticsManager] Memory Pool: PS Survivor Space (Heap memory): committed=7.50 MB, used=0.00 B, max=7.50 MB, threshold=?
2017-02-25 22:43:20.808+0000 INFO  [o.n.k.i.DiagnosticsManager] Memory Pool: PS Old Gen (Heap memory): committed=65.00 MB, used=9.00 MB, max=1.98 GB, threshold=0.00 B
2017-02-25 22:43:20.808+0000 INFO  [o.n.k.i.DiagnosticsManager] Operating system information:
2017-02-25 22:43:20.808+0000 INFO  [o.n.k.i.DiagnosticsManager] Operating System: Windows 10; version: 10.0; arch: amd64; cpus: 4
2017-02-25 22:43:20.812+0000 INFO  [o.n.k.i.DiagnosticsManager] Process id: 12592@DESKTOP-AUH6VC8
2017-02-25 22:43:20.812+0000 INFO  [o.n.k.i.DiagnosticsManager] Byte order: LITTLE_ENDIAN
2017-02-25 22:43:20.812+0000 INFO  [o.n.k.i.DiagnosticsManager] Local timezone: GMT-05:00
2017-02-25 22:43:20.812+0000 INFO  [o.n.k.i.DiagnosticsManager] JVM information:
2017-02-25 22:43:20.812+0000 INFO  [o.n.k.i.DiagnosticsManager] VM Name: Java HotSpot(TM) 64-Bit Server VM
2017-02-25 22:43:20.812+0000 INFO  [o.n.k.i.DiagnosticsManager] VM Vendor: Oracle Corporation
2017-02-25 22:43:20.812+0000 INFO  [o.n.k.i.DiagnosticsManager] VM Version: 25.111-b14
2017-02-25 22:43:20.813+0000 INFO  [o.n.k.i.DiagnosticsManager] JIT compiler: HotSpot 64-Bit Tiered Compilers
2017-02-25 22:43:20.813+0000 INFO  [o.n.k.i.DiagnosticsManager] VM Arguments: [-Dexe4j.semaphoreName=Local\c:_gsu_semester_2_cis_8045_unstr_data_mgmt_neo4j_neo4j_ce_3.1.0_bin_neo4j-ce.exe, -Dexe4j.isInstall4j=true, -Dexe4j.moduleName=C:\GSU\Semester 2\CIS 8045_Unstr Data Mgmt\Neo4j\Neo4j CE 3.1.0\bin\neo4j-ce.exe, -Dexe4j.tempDir=, -Dexe4j.unextractedPosition=0, -Djava.library.path=C:\ProgramData\Oracle\Java\javapath;C:\Program Files (x86)\Intel\iCLS Client\;C:\Program Files\Intel\iCLS Client\;C:\WINDOWS\system32;C:\WINDOWS;C:\WINDOWS\System32\Wbem;C:\WINDOWS\System32\WindowsPowerShell\v1.0\;C:\Program Files (x86)\Intel\Intel(R) Management Engine Components\DAL;C:\Program Files\Intel\Intel(R) Management Engine Components\DAL;C:\Program Files (x86)\Intel\Intel(R) Management Engine Components\IPT;C:\Program Files\Intel\Intel(R) Management Engine Components\IPT;C:\Program Files\Intel\WiFi\bin\;C:\Program Files\Common Files\Intel\WirelessCommon\;C:\Program Files (x86)\Skype\Phone\;C:\Program Files\SASHome\SASFoundation\9.4\ets\sasexe;C:\Program Files\SASHome\Secure\ccme4;C:\Program Files\SASHome\x86\Secure\ccme4;G:\Redis\;G:\python36;G:\python36\Scripts;G:\New folder;G:\New folder\Scripts;G:\New folder\Library\bin;G:\Anaconda;G:\Anaconda\Scripts;G:\Anaconda\Library\bin;C:\Users\gOmZy\AppData\Local\Microsoft\WindowsApps;C:\GSU\Semester 2\CIS 8045_Unstr Data Mgmt\mongo\bin;C:\GSU\Semester 2\CIS 8005_Data Programming\python27;C:\GSU\Semester 2\CIS 8005_Data Programming\python27\Scripts;G:\Redis;c:\program files\java\jdk1.8.0_111\jre\bin, -Dexe4j.consoleCodepage=cp0, -Dinstall4j.launcherId=24, -Dinstall4j.swt=false]
2017-02-25 22:43:20.813+0000 INFO  [o.n.k.i.DiagnosticsManager] Java classpath:
2017-02-25 22:43:20.816+0000 INFO  [o.n.k.i.DiagnosticsManager]  [loader.1] file:/C:/Program%20Files/Java/jdk1.8.0_111/jre/lib/ext/jaccess.jar
2017-02-25 22:43:20.816+0000 INFO  [o.n.k.i.DiagnosticsManager]  [loader.1] file:/C:/Program%20Files/Java/jdk1.8.0_111/jre/lib/ext/sunec.jar
2017-02-25 22:43:20.816+0000 INFO  [o.n.k.i.DiagnosticsManager]  [loader.1] file:/C:/Program%20Files/Java/jdk1.8.0_111/jre/lib/ext/localedata.jar
2017-02-25 22:43:20.816+0000 INFO  [o.n.k.i.DiagnosticsManager]  [loader.1] file:/C:/Program%20Files/Java/jdk1.8.0_111/jre/lib/ext/sunjce_provider.jar
2017-02-25 22:43:20.816+0000 INFO  [o.n.k.i.DiagnosticsManager]  [loader.1] file:/C:/Program%20Files/Java/jdk1.8.0_111/jre/lib/ext/jfxrt.jar
2017-02-25 22:43:20.816+0000 INFO  [o.n.k.i.DiagnosticsManager]  [loader.1] file:/C:/Program%20Files/Java/jdk1.8.0_111/jre/lib/ext/zipfs.jar
2017-02-25 22:43:20.816+0000 INFO  [o.n.k.i.DiagnosticsManager]  [loader.0] file:/C:/GSU/Semester%202/CIS%208045_Unstr%20Data%20Mgmt/Neo4j/Neo4j%20CE%203.1.0/.install4j/i4jruntime.jar
2017-02-25 22:43:20.816+0000 INFO  [o.n.k.i.DiagnosticsManager]  [loader.1] file:/C:/Program%20Files/Java/jdk1.8.0_111/jre/lib/ext/sunmscapi.jar
2017-02-25 22:43:20.817+0000 INFO  [o.n.k.i.DiagnosticsManager]  [loader.1] file:/C:/Program%20Files/Java/jdk1.8.0_111/jre/lib/ext/sunpkcs11.jar
2017-02-25 22:43:20.817+0000 INFO  [o.n.k.i.DiagnosticsManager]  [loader.0] file:/C:/GSU/Semester%202/CIS%208045_Unstr%20Data%20Mgmt/Neo4j/Neo4j%20CE%203.1.0/bin/neo4j-desktop-3.1.0.jar
2017-02-25 22:43:20.817+0000 INFO  [o.n.k.i.DiagnosticsManager]  [loader.1] file:/C:/Program%20Files/Java/jdk1.8.0_111/jre/lib/ext/dnsns.jar
2017-02-25 22:43:20.817+0000 INFO  [o.n.k.i.DiagnosticsManager]  [classpath] C:\GSU\Semester 2\CIS 8045_Unstr Data Mgmt\Neo4j\Neo4j CE 3.1.0\bin\neo4j-desktop-3.1.0.jar
2017-02-25 22:43:20.817+0000 INFO  [o.n.k.i.DiagnosticsManager]  [loader.1] file:/C:/Program%20Files/Java/jdk1.8.0_111/jre/lib/ext/nashorn.jar
2017-02-25 22:43:20.817+0000 INFO  [o.n.k.i.DiagnosticsManager]  [bootstrap] C:\Program Files\Java\jdk1.8.0_111\jre\lib\rt.jar
2017-02-25 22:43:20.817+0000 INFO  [o.n.k.i.DiagnosticsManager]  [bootstrap] C:\Program Files\Java\jdk1.8.0_111\jre\lib\charsets.jar
2017-02-25 22:43:20.817+0000 INFO  [o.n.k.i.DiagnosticsManager]  [classpath] C:\GSU\Semester 2\CIS 8045_Unstr Data Mgmt\Neo4j\Neo4j CE 3.1.0\.install4j\i4jruntime.jar
2017-02-25 22:43:20.817+0000 INFO  [o.n.k.i.DiagnosticsManager]  [bootstrap] C:\Program Files\Java\jdk1.8.0_111\jre\classes
2017-02-25 22:43:20.817+0000 INFO  [o.n.k.i.DiagnosticsManager]  [bootstrap] C:\Program Files\Java\jdk1.8.0_111\jre\lib\jsse.jar
2017-02-25 22:43:20.817+0000 INFO  [o.n.k.i.DiagnosticsManager]  [bootstrap] C:\Program Files\Java\jdk1.8.0_111\jre\lib\sunrsasign.jar
2017-02-25 22:43:20.817+0000 INFO  [o.n.k.i.DiagnosticsManager]  [bootstrap] C:\Program Files\Java\jdk1.8.0_111\jre\lib\jce.jar
2017-02-25 22:43:20.817+0000 INFO  [o.n.k.i.DiagnosticsManager]  [loader.1] file:/C:/Program%20Files/Java/jdk1.8.0_111/jre/lib/ext/access-bridge-64.jar
2017-02-25 22:43:20.817+0000 INFO  [o.n.k.i.DiagnosticsManager]  [bootstrap] C:\Program Files\Java\jdk1.8.0_111\jre\lib\jfr.jar
2017-02-25 22:43:20.817+0000 INFO  [o.n.k.i.DiagnosticsManager]  [loader.1] file:/C:/Program%20Files/Java/jdk1.8.0_111/jre/lib/ext/cldrdata.jar
2017-02-25 22:43:20.817+0000 INFO  [o.n.k.i.DiagnosticsManager]  [bootstrap] C:\Program Files\Java\jdk1.8.0_111\jre\lib\resources.jar
2017-02-25 22:43:20.817+0000 INFO  [o.n.k.i.DiagnosticsManager] Library path:
2017-02-25 22:43:20.818+0000 INFO  [o.n.k.i.DiagnosticsManager] C:\ProgramData\Oracle\Java\javapath
2017-02-25 22:43:20.818+0000 INFO  [o.n.k.i.DiagnosticsManager] C:\Program Files (x86)\Intel\iCLS Client
2017-02-25 22:43:20.819+0000 INFO  [o.n.k.i.DiagnosticsManager] C:\Program Files\Intel\iCLS Client
2017-02-25 22:43:20.819+0000 INFO  [o.n.k.i.DiagnosticsManager] C:\Windows\System32
2017-02-25 22:43:20.819+0000 INFO  [o.n.k.i.DiagnosticsManager] C:\Windows
2017-02-25 22:43:20.820+0000 INFO  [o.n.k.i.DiagnosticsManager] C:\Windows\System32\wbem
2017-02-25 22:43:20.820+0000 INFO  [o.n.k.i.DiagnosticsManager] C:\Windows\System32\WindowsPowerShell\v1.0
2017-02-25 22:43:20.820+0000 INFO  [o.n.k.i.DiagnosticsManager] C:\Program Files (x86)\Intel\Intel(R) Management Engine Components\DAL
2017-02-25 22:43:20.821+0000 INFO  [o.n.k.i.DiagnosticsManager] C:\Program Files\Intel\Intel(R) Management Engine Components\DAL
2017-02-25 22:43:20.821+0000 INFO  [o.n.k.i.DiagnosticsManager] C:\Program Files (x86)\Intel\Intel(R) Management Engine Components\IPT
2017-02-25 22:43:20.821+0000 INFO  [o.n.k.i.DiagnosticsManager] C:\Program Files\Intel\Intel(R) Management Engine Components\IPT
2017-02-25 22:43:20.821+0000 INFO  [o.n.k.i.DiagnosticsManager] C:\Program Files\Intel\WiFi\bin
2017-02-25 22:43:20.821+0000 INFO  [o.n.k.i.DiagnosticsManager] C:\Program Files\Common Files\Intel\WirelessCommon
2017-02-25 22:43:20.822+0000 INFO  [o.n.k.i.DiagnosticsManager] C:\Program Files (x86)\Skype\Phone
2017-02-25 22:43:20.822+0000 INFO  [o.n.k.i.DiagnosticsManager] C:\Program Files\SASHome\SASFoundation\9.4\ets\sasexe
2017-02-25 22:43:20.822+0000 INFO  [o.n.k.i.DiagnosticsManager] C:\Program Files\SASHome\Secure\ccme4
2017-02-25 22:43:20.822+0000 INFO  [o.n.k.i.DiagnosticsManager] C:\Program Files\SASHome\x86\Secure\ccme4
2017-02-25 22:43:20.823+0000 INFO  [o.n.k.i.DiagnosticsManager] G:\Redis
2017-02-25 22:43:20.823+0000 INFO  [o.n.k.i.DiagnosticsManager] G:\python36
2017-02-25 22:43:20.823+0000 INFO  [o.n.k.i.DiagnosticsManager] G:\python36\Scripts
2017-02-25 22:43:20.823+0000 INFO  [o.n.k.i.DiagnosticsManager] G:\New folder
2017-02-25 22:43:20.823+0000 INFO  [o.n.k.i.DiagnosticsManager] G:\New folder\Scripts
2017-02-25 22:43:20.823+0000 INFO  [o.n.k.i.DiagnosticsManager] G:\New folder\Library\bin
2017-02-25 22:43:20.823+0000 INFO  [o.n.k.i.DiagnosticsManager] G:\Anaconda
2017-02-25 22:43:20.823+0000 INFO  [o.n.k.i.DiagnosticsManager] G:\Anaconda\Scripts
2017-02-25 22:43:20.823+0000 INFO  [o.n.k.i.DiagnosticsManager] G:\Anaconda\Library\bin
2017-02-25 22:43:20.824+0000 INFO  [o.n.k.i.DiagnosticsManager] C:\Users\gOmZy\AppData\Local\Microsoft\WindowsApps
2017-02-25 22:43:20.824+0000 INFO  [o.n.k.i.DiagnosticsManager] C:\GSU\Semester 2\CIS 8045_Unstr Data Mgmt\mongo\bin
2017-02-25 22:43:20.825+0000 INFO  [o.n.k.i.DiagnosticsManager] C:\GSU\Semester 2\CIS 8005_Data Programming\python27
2017-02-25 22:43:20.825+0000 INFO  [o.n.k.i.DiagnosticsManager] C:\GSU\Semester 2\CIS 8005_Data Programming\python27\Scripts
2017-02-25 22:43:20.825+0000 INFO  [o.n.k.i.DiagnosticsManager] G:\Redis
2017-02-25 22:43:20.825+0000 INFO  [o.n.k.i.DiagnosticsManager] C:\Program Files\Java\jdk1.8.0_111\jre\bin
2017-02-25 22:43:20.825+0000 INFO  [o.n.k.i.DiagnosticsManager] System.properties:
2017-02-25 22:43:20.826+0000 INFO  [o.n.k.i.DiagnosticsManager] exe4j.moduleName = C:\GSU\Semester 2\CIS 8045_Unstr Data Mgmt\Neo4j\Neo4j CE 3.1.0\bin\neo4j-ce.exe
2017-02-25 22:43:20.826+0000 INFO  [o.n.k.i.DiagnosticsManager] exe4j.semaphoreName = Local\c:_gsu_semester_2_cis_8045_unstr_data_mgmt_neo4j_neo4j_ce_3.1.0_bin_neo4j-ce.exe
2017-02-25 22:43:20.826+0000 INFO  [o.n.k.i.DiagnosticsManager] sun.boot.library.path = c:\program files\java\jdk1.8.0_111\jre\bin
2017-02-25 22:43:20.826+0000 INFO  [o.n.k.i.DiagnosticsManager] exe4j.consoleCodepage = cp0
2017-02-25 22:43:20.826+0000 INFO  [o.n.k.i.DiagnosticsManager] path.separator = ;
2017-02-25 22:43:20.826+0000 INFO  [o.n.k.i.DiagnosticsManager] file.encoding.pkg = sun.io
2017-02-25 22:43:20.826+0000 INFO  [o.n.k.i.DiagnosticsManager] user.country = US
2017-02-25 22:43:20.826+0000 INFO  [o.n.k.i.DiagnosticsManager] user.script = 
2017-02-25 22:43:20.826+0000 INFO  [o.n.k.i.DiagnosticsManager] sun.os.patch.level = 
2017-02-25 22:43:20.826+0000 INFO  [o.n.k.i.DiagnosticsManager] install4j.exeDir = C:\GSU\Semester 2\CIS 8045_Unstr Data Mgmt\Neo4j\Neo4j CE 3.1.0\bin\
2017-02-25 22:43:20.826+0000 INFO  [o.n.k.i.DiagnosticsManager] user.dir = C:\GSU\Semester 2\CIS 8045_Unstr Data Mgmt\Neo4j\Neo4j CE 3.1.0\bin
2017-02-25 22:43:20.826+0000 INFO  [o.n.k.i.DiagnosticsManager] user.variant = 
2017-02-25 22:43:20.826+0000 INFO  [o.n.k.i.DiagnosticsManager] exe4j.tempDir = 
2017-02-25 22:43:20.826+0000 INFO  [o.n.k.i.DiagnosticsManager] sun.jnu.encoding = Cp1252
2017-02-25 22:43:20.826+0000 INFO  [o.n.k.i.DiagnosticsManager] unsupported.dbms.udc.source = desktop
2017-02-25 22:43:20.826+0000 INFO  [o.n.k.i.DiagnosticsManager] sun.awt.enableExtraMouseButtons = true
2017-02-25 22:43:20.826+0000 INFO  [o.n.k.i.DiagnosticsManager] install4j.launcherId = 24
2017-02-25 22:43:20.826+0000 INFO  [o.n.k.i.DiagnosticsManager] sun.management.compiler = HotSpot 64-Bit Tiered Compilers
2017-02-25 22:43:20.826+0000 INFO  [o.n.k.i.DiagnosticsManager] exe4j.isInstall4j = true
2017-02-25 22:43:20.826+0000 INFO  [o.n.k.i.DiagnosticsManager] install4j.swt = false
2017-02-25 22:43:20.826+0000 INFO  [o.n.k.i.DiagnosticsManager] user.home = C:\Users\gOmZy
2017-02-25 22:43:20.826+0000 INFO  [o.n.k.i.DiagnosticsManager] user.timezone = GMT-05:00
2017-02-25 22:43:20.826+0000 INFO  [o.n.k.i.DiagnosticsManager] file.encoding = Cp1252
2017-02-25 22:43:20.826+0000 INFO  [o.n.k.i.DiagnosticsManager] user.name = gOmZy
2017-02-25 22:43:20.827+0000 INFO  [o.n.k.i.DiagnosticsManager] sun.java.command = C:\GSU\Semester 2\CIS 8045_Unstr Data Mgmt\Neo4j\Neo4j CE 3.1.0\bin\neo4j-ce.exe
2017-02-25 22:43:20.827+0000 INFO  [o.n.k.i.DiagnosticsManager] sun.arch.data.model = 64
2017-02-25 22:43:20.827+0000 INFO  [o.n.k.i.DiagnosticsManager] exe4j.launchName = C:\GSU\Semester 2\CIS 8045_Unstr Data Mgmt\Neo4j\Neo4j CE 3.1.0\bin\neo4j-ce.exe
2017-02-25 22:43:20.827+0000 INFO  [o.n.k.i.DiagnosticsManager] user.language = en
2017-02-25 22:43:20.827+0000 INFO  [o.n.k.i.DiagnosticsManager] awt.toolkit = sun.awt.windows.WToolkit
2017-02-25 22:43:20.827+0000 INFO  [o.n.k.i.DiagnosticsManager] exe4j.unextractedPosition = 0
2017-02-25 22:43:20.827+0000 INFO  [o.n.k.i.DiagnosticsManager] install4j.appDir = C:\GSU\Semester 2\CIS 8045_Unstr Data Mgmt\Neo4j\Neo4j CE 3.1.0\
2017-02-25 22:43:20.827+0000 INFO  [o.n.k.i.DiagnosticsManager] file.separator = \
2017-02-25 22:43:20.827+0000 INFO  [o.n.k.i.DiagnosticsManager] sun.io.unicode.encoding = UnicodeLittle
2017-02-25 22:43:20.827+0000 INFO  [o.n.k.i.DiagnosticsManager] sun.cpu.endian = little
2017-02-25 22:43:20.827+0000 INFO  [o.n.k.i.DiagnosticsManager] sun.desktop = windows
2017-02-25 22:43:20.827+0000 INFO  [o.n.k.i.DiagnosticsManager] sun.cpu.isalist = amd64
2017-02-25 22:43:20.827+0000 INFO  [o.n.k.i.DiagnosticsManager] Network information:
2017-02-25 22:43:20.879+0000 INFO  [o.n.k.i.DiagnosticsManager] Interface Software Loopback Interface 1:
2017-02-25 22:43:20.880+0000 INFO  [o.n.k.i.DiagnosticsManager]     address: 127.0.0.1
2017-02-25 22:43:20.880+0000 INFO  [o.n.k.i.DiagnosticsManager]     address: 0:0:0:0:0:0:0:1
2017-02-25 22:43:20.880+0000 INFO  [o.n.k.i.DiagnosticsManager] Interface Apple Mobile Device Ethernet:
2017-02-25 22:43:20.880+0000 INFO  [o.n.k.i.DiagnosticsManager] Interface Cisco AnyConnect Secure Mobility Client Virtual Miniport Adapter for Windows x64:
2017-02-25 22:43:20.880+0000 INFO  [o.n.k.i.DiagnosticsManager] Interface Microsoft Wi-Fi Direct Virtual Adapter #2:
2017-02-25 22:43:20.880+0000 INFO  [o.n.k.i.DiagnosticsManager] Interface Microsoft Teredo Tunneling Adapter:
2017-02-25 22:43:20.880+0000 INFO  [o.n.k.i.DiagnosticsManager]     address: fe80:0:0:0:0:100:7f:fffe%net0
2017-02-25 22:43:20.880+0000 INFO  [o.n.k.i.DiagnosticsManager] Interface VMware Virtual Ethernet Adapter for VMnet1:
2017-02-25 22:43:20.880+0000 INFO  [o.n.k.i.DiagnosticsManager]     address: 192.168.195.1
2017-02-25 22:43:20.880+0000 INFO  [o.n.k.i.DiagnosticsManager]     address: fe80:0:0:0:6498:30f5:c3ac:55cc%eth2
2017-02-25 22:43:20.880+0000 INFO  [o.n.k.i.DiagnosticsManager] Interface Microsoft Wi-Fi Direct Virtual Adapter:
2017-02-25 22:43:20.880+0000 INFO  [o.n.k.i.DiagnosticsManager]     address: fe80:0:0:0:9464:5d1e:249a:73af%wlan1
2017-02-25 22:43:20.880+0000 INFO  [o.n.k.i.DiagnosticsManager] Interface WAN Miniport (PPPOE):
2017-02-25 22:43:20.880+0000 INFO  [o.n.k.i.DiagnosticsManager] Interface WAN Miniport (IKEv2):
2017-02-25 22:43:20.880+0000 INFO  [o.n.k.i.DiagnosticsManager] Interface Intel(R) Dual Band Wireless-AC 3165:
2017-02-25 22:43:20.880+0000 INFO  [o.n.k.i.DiagnosticsManager]     address: 10.0.0.190
2017-02-25 22:43:20.880+0000 INFO  [o.n.k.i.DiagnosticsManager]     address: 2601:c0:8101:1c1f:0:0:0:1592
2017-02-25 22:43:20.880+0000 INFO  [o.n.k.i.DiagnosticsManager]     address: 2601:c0:8101:1c1f:b5ff:d684:57af:aacd
2017-02-25 22:43:20.880+0000 INFO  [o.n.k.i.DiagnosticsManager]     address: 2601:c0:8101:1c1f:74a2:6db1:208d:623e
2017-02-25 22:43:20.880+0000 INFO  [o.n.k.i.DiagnosticsManager]     address: fe80:0:0:0:b5ff:d684:57af:aacd%wlan2
2017-02-25 22:43:20.880+0000 INFO  [o.n.k.i.DiagnosticsManager] Interface Bluetooth Device (Personal Area Network):
2017-02-25 22:43:20.880+0000 INFO  [o.n.k.i.DiagnosticsManager]     address: fe80:0:0:0:ec47:72d:de5b:ec02%eth3
2017-02-25 22:43:20.880+0000 INFO  [o.n.k.i.DiagnosticsManager] Interface Microsoft ISATAP Adapter #7:
2017-02-25 22:43:20.880+0000 INFO  [o.n.k.i.DiagnosticsManager] Interface WAN Miniport (IP):
2017-02-25 22:43:20.880+0000 INFO  [o.n.k.i.DiagnosticsManager] Interface Realtek USB GbE Family Controller:
2017-02-25 22:43:20.880+0000 INFO  [o.n.k.i.DiagnosticsManager] Interface WAN Miniport (Network Monitor):
2017-02-25 22:43:20.881+0000 INFO  [o.n.k.i.DiagnosticsManager] Interface WAN Miniport (SSTP):
2017-02-25 22:43:20.881+0000 INFO  [o.n.k.i.DiagnosticsManager] Interface Microsoft ISATAP Adapter #4:
2017-02-25 22:43:20.881+0000 INFO  [o.n.k.i.DiagnosticsManager]     address: fe80:0:0:0:0:5efe:c0a8:c301%net4
2017-02-25 22:43:20.881+0000 INFO  [o.n.k.i.DiagnosticsManager] Interface Microsoft ISATAP Adapter #3:
2017-02-25 22:43:20.881+0000 INFO  [o.n.k.i.DiagnosticsManager] Interface Microsoft Kernel Debug Network Adapter:
2017-02-25 22:43:20.881+0000 INFO  [o.n.k.i.DiagnosticsManager] Interface Bluetooth Device (RFCOMM Protocol TDI):
2017-02-25 22:43:20.881+0000 INFO  [o.n.k.i.DiagnosticsManager] Interface WAN Miniport (L2TP):
2017-02-25 22:43:20.881+0000 INFO  [o.n.k.i.DiagnosticsManager] Interface WAN Miniport (PPTP):
2017-02-25 22:43:20.881+0000 INFO  [o.n.k.i.DiagnosticsManager] Interface Microsoft ISATAP Adapter #6:
2017-02-25 22:43:20.881+0000 INFO  [o.n.k.i.DiagnosticsManager]     address: fe80:0:0:0:0:5efe:c0a8:1401%net9
2017-02-25 22:43:20.881+0000 INFO  [o.n.k.i.DiagnosticsManager] Interface Microsoft ISATAP Adapter #2:
2017-02-25 22:43:20.881+0000 INFO  [o.n.k.i.DiagnosticsManager]     address: fe80:0:0:0:0:5efe:a00:be%net10
2017-02-25 22:43:20.881+0000 INFO  [o.n.k.i.DiagnosticsManager] Interface Microsoft ISATAP Adapter:
2017-02-25 22:43:20.881+0000 INFO  [o.n.k.i.DiagnosticsManager] Interface WAN Miniport (IPv6):
2017-02-25 22:43:20.881+0000 INFO  [o.n.k.i.DiagnosticsManager] Interface VMware Virtual Ethernet Adapter for VMnet8:
2017-02-25 22:43:20.881+0000 INFO  [o.n.k.i.DiagnosticsManager]     address: 192.168.20.1
2017-02-25 22:43:21.278+0000 INFO  [o.n.k.i.DiagnosticsManager]     address: fe80:0:0:0:d06b:4286:3c78:85f0%eth9
2017-02-25 22:43:21.278+0000 INFO  [o.n.k.i.DiagnosticsManager] Interface Intel(R) Dual Band Wireless-AC 3165-WFP Native MAC Layer LightWeight Filter-0000:
2017-02-25 22:43:21.278+0000 INFO  [o.n.k.i.DiagnosticsManager] Interface Intel(R) Dual Band Wireless-AC 3165-Virtual WiFi Filter Driver-0000:
2017-02-25 22:43:21.278+0000 INFO  [o.n.k.i.DiagnosticsManager] Interface Intel(R) Dual Band Wireless-AC 3165-Native WiFi Filter Driver-0000:
2017-02-25 22:43:21.278+0000 INFO  [o.n.k.i.DiagnosticsManager] Interface Intel(R) Dual Band Wireless-AC 3165-QoS Packet Scheduler-0000:
2017-02-25 22:43:21.278+0000 INFO  [o.n.k.i.DiagnosticsManager] Interface Intel(R) Dual Band Wireless-AC 3165-WFP 802.3 MAC Layer LightWeight Filter-0000:
2017-02-25 22:43:21.278+0000 INFO  [o.n.k.i.DiagnosticsManager] Interface Microsoft Wi-Fi Direct Virtual Adapter-WFP Native MAC Layer LightWeight Filter-0000:
2017-02-25 22:43:21.278+0000 INFO  [o.n.k.i.DiagnosticsManager] Interface Microsoft Wi-Fi Direct Virtual Adapter-Native WiFi Filter Driver-0000:
2017-02-25 22:43:21.278+0000 INFO  [o.n.k.i.DiagnosticsManager] Interface Microsoft Wi-Fi Direct Virtual Adapter-QoS Packet Scheduler-0000:
2017-02-25 22:43:21.279+0000 INFO  [o.n.k.i.DiagnosticsManager] Interface Microsoft Wi-Fi Direct Virtual Adapter-WFP 802.3 MAC Layer LightWeight Filter-0000:
2017-02-25 22:43:21.279+0000 INFO  [o.n.k.i.DiagnosticsManager] --- INITIALIZED diagnostics END ---
2017-02-25 22:43:21.618+0000 INFO  [o.n.b.v.r.WorkerFactory] Bolt Server extension loaded.
2017-02-25 22:43:21.619+0000 INFO  [o.n.b.v.r.WorkerFactory] Bolt enabled on localhost:7687.
2017-02-25 22:43:21.712+0000 INFO  [o.n.k.i.s.f.RecordFormatSelector] Selected format 'RecordFormat:StandardV3_0[v0.A.7]' for the new store
2017-02-25 22:43:22.040+0000 INFO  [o.n.k.a.i.l.LuceneLabelScanStore] No lucene scan store index found, this might just be first use. Preparing to rebuild.
2017-02-25 22:43:22.280+0000 INFO  [o.n.k.NeoStoreDataSource] Opened logical log [C:\Users\gOmZy\Documents\Neo4j\Airlines\neostore.transaction.db.0] version=0, lastTxId=1 (clean)
2017-02-25 22:43:22.299+0000 WARN  [o.n.k.i.s.MetaDataStore] Missing counts store, rebuilding it.
2017-02-25 22:43:22.404+0000 INFO  [o.n.k.a.i.l.LuceneLabelScanStore] Rebuilding lucene scan store, this may take a while
2017-02-25 22:43:22.419+0000 INFO  [o.n.k.a.i.l.LuceneLabelScanStore] Lucene scan store rebuilt (roughly 0 nodes)
2017-02-25 22:43:22.431+0000 INFO  [o.n.k.i.DatabaseHealth] Database health set to OK
2017-02-25 22:43:23.504+0000 INFO  [o.n.k.AvailabilityGuard] Fulfilling of requirement makes database available: Database available
2017-02-25 22:43:23.504+0000 INFO  [o.n.k.i.f.GraphDatabaseFacadeFactory] Database is now ready
2017-02-25 22:43:23.505+0000 INFO  [o.n.k.i.DiagnosticsManager] --- STARTED diagnostics for KernelDiagnostics:Versions START ---
2017-02-25 22:43:23.505+0000 INFO  [o.n.k.i.DiagnosticsManager] Graph Database: community single StoreId{creationTime=1488062601923, randomId=-8601663057385042147, storeVersion=15531981201765894, upgradeTime=1488062601923, upgradeId=1}
2017-02-25 22:43:23.505+0000 INFO  [o.n.k.i.DiagnosticsManager] Kernel version: 3.1.0
2017-02-25 22:43:23.506+0000 INFO  [o.n.k.i.DiagnosticsManager] --- STARTED diagnostics for KernelDiagnostics:Versions END ---
2017-02-25 22:43:23.507+0000 INFO  [o.n.k.i.DiagnosticsManager] --- STARTED diagnostics for NEO_STORE_VERSIONS START ---
2017-02-25 22:43:23.507+0000 INFO  [o.n.k.i.DiagnosticsManager] Store versions:
2017-02-25 22:43:23.507+0000 INFO  [o.n.k.i.DiagnosticsManager] Store versions:
2017-02-25 22:43:23.507+0000 INFO  [o.n.k.i.DiagnosticsManager]   ArrayPropertyStore v0.A.7
2017-02-25 22:43:23.508+0000 INFO  [o.n.k.i.DiagnosticsManager]   NodeStore v0.A.7
2017-02-25 22:43:23.508+0000 INFO  [o.n.k.i.DiagnosticsManager]   StringPropertyStore v0.A.7
2017-02-25 22:43:23.508+0000 INFO  [o.n.k.i.DiagnosticsManager]   PropertyIndexStore v0.A.7
2017-02-25 22:43:23.508+0000 INFO  [o.n.k.i.DiagnosticsManager]   StringPropertyStore v0.A.7
2017-02-25 22:43:23.508+0000 INFO  [o.n.k.i.DiagnosticsManager]   ArrayPropertyStore v0.A.7
2017-02-25 22:43:23.508+0000 INFO  [o.n.k.i.DiagnosticsManager]   PropertyStore v0.A.7
2017-02-25 22:43:23.508+0000 INFO  [o.n.k.i.DiagnosticsManager]   RelationshipStore v0.A.7
2017-02-25 22:43:23.508+0000 INFO  [o.n.k.i.DiagnosticsManager]   StringPropertyStore v0.A.7
2017-02-25 22:43:23.508+0000 INFO  [o.n.k.i.DiagnosticsManager]   RelationshipTypeStore v0.A.7
2017-02-25 22:43:23.508+0000 INFO  [o.n.k.i.DiagnosticsManager]   StringPropertyStore v0.A.7
2017-02-25 22:43:23.508+0000 INFO  [o.n.k.i.DiagnosticsManager]   LabelTokenStore v0.A.7
2017-02-25 22:43:23.509+0000 INFO  [o.n.k.i.DiagnosticsManager]   SchemaStore v0.A.7
2017-02-25 22:43:23.509+0000 INFO  [o.n.k.i.DiagnosticsManager]   RelationshipGroupStore v0.A.7
2017-02-25 22:43:23.509+0000 INFO  [o.n.k.i.DiagnosticsManager]   NeoStore v0.A.7
2017-02-25 22:43:23.509+0000 INFO  [o.n.k.i.DiagnosticsManager] --- STARTED diagnostics for NEO_STORE_VERSIONS END ---
2017-02-25 22:43:23.509+0000 INFO  [o.n.k.i.DiagnosticsManager] --- STARTED diagnostics for NEO_STORE_ID_USAGE START ---
2017-02-25 22:43:23.509+0000 INFO  [o.n.k.i.DiagnosticsManager] Id usage:
2017-02-25 22:43:23.509+0000 INFO  [o.n.k.i.DiagnosticsManager] Id usage:
2017-02-25 22:43:23.509+0000 INFO  [o.n.k.i.DiagnosticsManager]   ArrayPropertyStore: used=1 high=0
2017-02-25 22:43:23.509+0000 INFO  [o.n.k.i.DiagnosticsManager]   NodeStore: used=0 high=-1
2017-02-25 22:43:23.509+0000 INFO  [o.n.k.i.DiagnosticsManager]   StringPropertyStore: used=1 high=0
2017-02-25 22:43:23.510+0000 INFO  [o.n.k.i.DiagnosticsManager]   PropertyIndexStore: used=0 high=-1
2017-02-25 22:43:23.510+0000 INFO  [o.n.k.i.DiagnosticsManager]   StringPropertyStore: used=1 high=0
2017-02-25 22:43:23.510+0000 INFO  [o.n.k.i.DiagnosticsManager]   ArrayPropertyStore: used=1 high=0
2017-02-25 22:43:23.510+0000 INFO  [o.n.k.i.DiagnosticsManager]   PropertyStore: used=0 high=-1
2017-02-25 22:43:23.510+0000 INFO  [o.n.k.i.DiagnosticsManager]   RelationshipStore: used=0 high=-1
2017-02-25 22:43:23.510+0000 INFO  [o.n.k.i.DiagnosticsManager]   StringPropertyStore: used=1 high=0
2017-02-25 22:43:23.511+0000 INFO  [o.n.k.i.DiagnosticsManager]   RelationshipTypeStore: used=0 high=-1
2017-02-25 22:43:23.511+0000 INFO  [o.n.k.i.DiagnosticsManager]   StringPropertyStore: used=1 high=0
2017-02-25 22:43:23.511+0000 INFO  [o.n.k.i.DiagnosticsManager]   LabelTokenStore: used=0 high=-1
2017-02-25 22:43:23.511+0000 INFO  [o.n.k.i.DiagnosticsManager]   SchemaStore: used=1 high=0
2017-02-25 22:43:23.511+0000 INFO  [o.n.k.i.DiagnosticsManager]   RelationshipGroupStore: used=1 high=0
2017-02-25 22:43:23.511+0000 INFO  [o.n.k.i.DiagnosticsManager]   NeoStore: used=15 high=14
2017-02-25 22:43:23.512+0000 INFO  [o.n.k.i.DiagnosticsManager] --- STARTED diagnostics for NEO_STORE_ID_USAGE END ---
2017-02-25 22:43:23.512+0000 INFO  [o.n.k.i.DiagnosticsManager] --- STARTED diagnostics for NEO_STORE_RECORDS START ---
2017-02-25 22:43:23.512+0000 INFO  [o.n.k.i.DiagnosticsManager] Neostore records:
2017-02-25 22:43:23.513+0000 INFO  [o.n.k.i.DiagnosticsManager] TIME (Creation time): 1488062601923
2017-02-25 22:43:23.513+0000 INFO  [o.n.k.i.DiagnosticsManager] RANDOM_NUMBER (Random number for store id): -8601663057385042147
2017-02-25 22:43:23.513+0000 INFO  [o.n.k.i.DiagnosticsManager] LOG_VERSION (Current log version): 0
2017-02-25 22:43:23.513+0000 INFO  [o.n.k.i.DiagnosticsManager] LAST_TRANSACTION_ID (Last committed transaction): 1
2017-02-25 22:43:23.513+0000 INFO  [o.n.k.i.DiagnosticsManager] STORE_VERSION (Store format version): 15531981201765894
2017-02-25 22:43:23.513+0000 INFO  [o.n.k.i.DiagnosticsManager] FIRST_GRAPH_PROPERTY (First property record containing graph properties): -1
2017-02-25 22:43:23.513+0000 INFO  [o.n.k.i.DiagnosticsManager] LAST_CONSTRAINT_TRANSACTION (Last committed transaction containing constraint changes): 0
2017-02-25 22:43:23.513+0000 INFO  [o.n.k.i.DiagnosticsManager] UPGRADE_TRANSACTION_ID (Transaction id most recent upgrade was performed at): 1
2017-02-25 22:43:23.513+0000 INFO  [o.n.k.i.DiagnosticsManager] UPGRADE_TIME (Time of last upgrade): 1488062601923
2017-02-25 22:43:23.514+0000 INFO  [o.n.k.i.DiagnosticsManager] LAST_TRANSACTION_CHECKSUM (Checksum of last committed transaction): 0
2017-02-25 22:43:23.514+0000 INFO  [o.n.k.i.DiagnosticsManager] UPGRADE_TRANSACTION_CHECKSUM (Checksum of transaction id the most recent upgrade was performed at): 0
2017-02-25 22:43:23.514+0000 INFO  [o.n.k.i.DiagnosticsManager] LAST_CLOSED_TRANSACTION_LOG_VERSION (Log version where the last transaction commit entry has been written into): 0
2017-02-25 22:43:23.514+0000 INFO  [o.n.k.i.DiagnosticsManager] LAST_CLOSED_TRANSACTION_LOG_BYTE_OFFSET (Byte offset in the log file where the last transaction commit entry has been written into): 16
2017-02-25 22:43:23.514+0000 INFO  [o.n.k.i.DiagnosticsManager] LAST_TRANSACTION_COMMIT_TIMESTAMP (Commit time timestamp for last committed transaction): 0
2017-02-25 22:43:23.514+0000 INFO  [o.n.k.i.DiagnosticsManager] UPGRADE_TRANSACTION_COMMIT_TIMESTAMP (Commit timestamp of transaction the most recent upgrade was performed at): 0
2017-02-25 22:43:23.514+0000 INFO  [o.n.k.i.DiagnosticsManager] --- STARTED diagnostics for NEO_STORE_RECORDS END ---
2017-02-25 22:43:23.515+0000 INFO  [o.n.k.i.DiagnosticsManager] --- STARTED diagnostics for TRANSACTION_RANGE START ---
2017-02-25 22:43:23.515+0000 INFO  [o.n.k.i.DiagnosticsManager] Transaction log:
2017-02-25 22:43:23.516+0000 INFO  [o.n.k.i.DiagnosticsManager] No transactions found in any log
2017-02-25 22:43:23.516+0000 INFO  [o.n.k.i.DiagnosticsManager] --- STARTED diagnostics for TRANSACTION_RANGE END ---
2017-02-25 22:43:23.516+0000 INFO  [o.n.k.i.DiagnosticsManager] --- STARTED diagnostics for KernelDiagnostics:StoreFiles START ---
2017-02-25 22:43:23.518+0000 INFO  [o.n.k.i.DiagnosticsManager] Disk space on partition (Total / Free / Free %): 468971417600 / 246826528768 / 52
Storage files: (filename : modification date - size)
2017-02-25 22:43:23.519+0000 INFO  [o.n.k.i.DiagnosticsManager]   certificates:
2017-02-25 22:43:23.519+0000 INFO  [o.n.k.i.DiagnosticsManager]     neo4j.cert: 2017-02-25T17:43:20-0500 - 1002.00 B
2017-02-25 22:43:23.519+0000 INFO  [o.n.k.i.DiagnosticsManager]     neo4j.key: 2017-02-25T17:43:20-0500 - 1.69 kB
2017-02-25 22:43:23.520+0000 INFO  [o.n.k.i.DiagnosticsManager]   - Total: 2017-02-25T17:43:20-0500 - 2.67 kB
2017-02-25 22:43:23.520+0000 INFO  [o.n.k.i.DiagnosticsManager]   data:
2017-02-25 22:43:23.520+0000 INFO  [o.n.k.i.DiagnosticsManager]     dbms:
2017-02-25 22:43:23.520+0000 INFO  [o.n.k.i.DiagnosticsManager]       auth: 2017-02-25T17:43:23-0500 - 137.00 B
2017-02-25 22:43:23.521+0000 INFO  [o.n.k.i.DiagnosticsManager]     - Total: 2017-02-25T17:43:23-0500 - 137.00 B
2017-02-25 22:43:23.521+0000 INFO  [o.n.k.i.DiagnosticsManager]   - Total: 2017-02-25T17:43:23-0500 - 137.00 B
2017-02-25 22:43:23.521+0000 INFO  [o.n.k.i.DiagnosticsManager]   index:
2017-02-25 22:43:23.521+0000 INFO  [o.n.k.i.DiagnosticsManager]   - Total: 2017-02-25T17:43:22-0500 - 0.00 B
2017-02-25 22:43:23.521+0000 INFO  [o.n.k.i.DiagnosticsManager]   logs:
2017-02-25 22:43:23.521+0000 INFO  [o.n.k.i.DiagnosticsManager]     debug.log: 2017-02-25T17:43:20-0500 - 33.72 kB
2017-02-25 22:43:23.522+0000 INFO  [o.n.k.i.DiagnosticsManager]   - Total: 2017-02-25T17:43:20-0500 - 33.72 kB
2017-02-25 22:43:23.522+0000 INFO  [o.n.k.i.DiagnosticsManager]   neostore: 2017-02-25T17:43:21-0500 - 8.00 kB
2017-02-25 22:43:23.522+0000 INFO  [o.n.k.i.DiagnosticsManager]   neostore.counts.db.a: 2017-02-25T17:43:22-0500 - 96.00 B
2017-02-25 22:43:23.522+0000 INFO  [o.n.k.i.DiagnosticsManager]   neostore.id: 2017-02-25T17:43:21-0500 - 9.00 B
2017-02-25 22:43:23.523+0000 INFO  [o.n.k.i.DiagnosticsManager]   neostore.labeltokenstore.db: 2017-02-25T17:43:21-0500 - 0.00 B
2017-02-25 22:43:23.523+0000 INFO  [o.n.k.i.DiagnosticsManager]   neostore.labeltokenstore.db.id: 2017-02-25T17:43:21-0500 - 9.00 B
2017-02-25 22:43:23.523+0000 INFO  [o.n.k.i.DiagnosticsManager]   neostore.labeltokenstore.db.names: 2017-02-25T17:43:21-0500 - 8.00 kB
2017-02-25 22:43:23.523+0000 INFO  [o.n.k.i.DiagnosticsManager]   neostore.labeltokenstore.db.names.id: 2017-02-25T17:43:21-0500 - 9.00 B
2017-02-25 22:43:23.524+0000 INFO  [o.n.k.i.DiagnosticsManager]   neostore.nodestore.db: 2017-02-25T17:43:21-0500 - 0.00 B
2017-02-25 22:43:23.524+0000 INFO  [o.n.k.i.DiagnosticsManager]   neostore.nodestore.db.id: 2017-02-25T17:43:21-0500 - 9.00 B
2017-02-25 22:43:23.524+0000 INFO  [o.n.k.i.DiagnosticsManager]   neostore.nodestore.db.labels: 2017-02-25T17:43:21-0500 - 8.00 kB
2017-02-25 22:43:23.525+0000 INFO  [o.n.k.i.DiagnosticsManager]   neostore.nodestore.db.labels.id: 2017-02-25T17:43:21-0500 - 9.00 B
2017-02-25 22:43:23.525+0000 INFO  [o.n.k.i.DiagnosticsManager]   neostore.propertystore.db: 2017-02-25T17:43:21-0500 - 0.00 B
2017-02-25 22:43:23.525+0000 INFO  [o.n.k.i.DiagnosticsManager]   neostore.propertystore.db.arrays: 2017-02-25T17:43:21-0500 - 8.00 kB
2017-02-25 22:43:23.526+0000 INFO  [o.n.k.i.DiagnosticsManager]   neostore.propertystore.db.arrays.id: 2017-02-25T17:43:21-0500 - 9.00 B
2017-02-25 22:43:23.526+0000 INFO  [o.n.k.i.DiagnosticsManager]   neostore.propertystore.db.id: 2017-02-25T17:43:21-0500 - 9.00 B
2017-02-25 22:43:23.526+0000 INFO  [o.n.k.i.DiagnosticsManager]   neostore.propertystore.db.index: 2017-02-25T17:43:21-0500 - 0.00 B
2017-02-25 22:43:23.526+0000 INFO  [o.n.k.i.DiagnosticsManager]   neostore.propertystore.db.index.id: 2017-02-25T17:43:21-0500 - 9.00 B
2017-02-25 22:43:23.527+0000 INFO  [o.n.k.i.DiagnosticsManager]   neostore.propertystore.db.index.keys: 2017-02-25T17:43:21-0500 - 8.00 kB
2017-02-25 22:43:23.527+0000 INFO  [o.n.k.i.DiagnosticsManager]   neostore.propertystore.db.index.keys.id: 2017-02-25T17:43:21-0500 - 9.00 B
2017-02-25 22:43:23.527+0000 INFO  [o.n.k.i.DiagnosticsManager]   neostore.propertystore.db.strings: 2017-02-25T17:43:21-0500 - 8.00 kB
2017-02-25 22:43:23.527+0000 INFO  [o.n.k.i.DiagnosticsManager]   neostore.propertystore.db.strings.id: 2017-02-25T17:43:21-0500 - 9.00 B
2017-02-25 22:43:23.527+0000 INFO  [o.n.k.i.DiagnosticsManager]   neostore.relationshipgroupstore.db: 2017-02-25T17:43:21-0500 - 8.00 kB
2017-02-25 22:43:23.528+0000 INFO  [o.n.k.i.DiagnosticsManager]   neostore.relationshipgroupstore.db.id: 2017-02-25T17:43:21-0500 - 9.00 B
2017-02-25 22:43:23.528+0000 INFO  [o.n.k.i.DiagnosticsManager]   neostore.relationshipstore.db: 2017-02-25T17:43:21-0500 - 0.00 B
2017-02-25 22:43:23.528+0000 INFO  [o.n.k.i.DiagnosticsManager]   neostore.relationshipstore.db.id: 2017-02-25T17:43:21-0500 - 9.00 B
2017-02-25 22:43:23.528+0000 INFO  [o.n.k.i.DiagnosticsManager]   neostore.relationshiptypestore.db: 2017-02-25T17:43:21-0500 - 0.00 B
2017-02-25 22:43:23.528+0000 INFO  [o.n.k.i.DiagnosticsManager]   neostore.relationshiptypestore.db.id: 2017-02-25T17:43:21-0500 - 9.00 B
2017-02-25 22:43:23.529+0000 INFO  [o.n.k.i.DiagnosticsManager]   neostore.relationshiptypestore.db.names: 2017-02-25T17:43:21-0500 - 8.00 kB
2017-02-25 22:43:23.529+0000 INFO  [o.n.k.i.DiagnosticsManager]   neostore.relationshiptypestore.db.names.id: 2017-02-25T17:43:21-0500 - 9.00 B
2017-02-25 22:43:23.529+0000 INFO  [o.n.k.i.DiagnosticsManager]   neostore.schemastore.db: 2017-02-25T17:43:21-0500 - 8.00 kB
2017-02-25 22:43:23.529+0000 INFO  [o.n.k.i.DiagnosticsManager]   neostore.schemastore.db.id: 2017-02-25T17:43:21-0500 - 9.00 B
2017-02-25 22:43:23.529+0000 INFO  [o.n.k.i.DiagnosticsManager]   neostore.transaction.db.0: 2017-02-25T17:43:22-0500 - 16.00 B
2017-02-25 22:43:23.530+0000 INFO  [o.n.k.i.DiagnosticsManager]   schema:
2017-02-25 22:43:23.530+0000 INFO  [o.n.k.i.DiagnosticsManager]     label:
2017-02-25 22:43:23.530+0000 INFO  [o.n.k.i.DiagnosticsManager]       lucene:
2017-02-25 22:43:23.530+0000 INFO  [o.n.k.i.DiagnosticsManager]         labelStore:
2017-02-25 22:43:23.530+0000 INFO  [o.n.k.i.DiagnosticsManager]           1:
2017-02-25 22:43:23.531+0000 INFO  [o.n.k.i.DiagnosticsManager]             write.lock: 2017-02-25T17:43:22-0500 - 0.00 B
2017-02-25 22:43:23.531+0000 INFO  [o.n.k.i.DiagnosticsManager]           - Total: 2017-02-25T17:43:22-0500 - 0.00 B
2017-02-25 22:43:23.531+0000 INFO  [o.n.k.i.DiagnosticsManager]           failure-message: 2017-02-25T17:43:22-0500 - 16.00 kB
2017-02-25 22:43:23.531+0000 INFO  [o.n.k.i.DiagnosticsManager]         - Total: 2017-02-25T17:43:22-0500 - 16.00 kB
2017-02-25 22:43:23.531+0000 INFO  [o.n.k.i.DiagnosticsManager]       - Total: 2017-02-25T17:43:22-0500 - 16.00 kB
2017-02-25 22:43:23.531+0000 INFO  [o.n.k.i.DiagnosticsManager]     - Total: 2017-02-25T17:43:22-0500 - 16.00 kB
2017-02-25 22:43:23.532+0000 INFO  [o.n.k.i.DiagnosticsManager]   - Total: 2017-02-25T17:43:22-0500 - 16.00 kB
2017-02-25 22:43:23.532+0000 INFO  [o.n.k.i.DiagnosticsManager]   store_lock: 2017-02-25T17:43:21-0500 - 0.00 B
2017-02-25 22:43:23.532+0000 INFO  [o.n.k.i.DiagnosticsManager] --- STARTED diagnostics for KernelDiagnostics:StoreFiles END ---
2017-02-25 22:43:24.977+0000 INFO  [o.n.k.i.DiagnosticsManager] --- SERVER STARTED START ---
2017-02-25 22:43:26.141+0000 INFO  [o.n.k.i.DiagnosticsManager] --- SERVER STARTED END ---
2017-02-25 22:58:23.159+0000 INFO  [o.n.k.i.t.l.c.CheckPointerImpl] Check Pointing triggered by scheduler for time threshold [43]:  Starting check pointing...
2017-02-25 22:58:23.159+0000 INFO  [o.n.k.i.t.l.c.CheckPointerImpl] Check Pointing triggered by scheduler for time threshold [43]:  Starting store flush...
2017-02-25 22:58:23.174+0000 INFO  [o.n.k.i.s.c.CountsTracker] About to rotate counts store at transaction 44 to [C:\Users\gOmZy\Documents\Neo4j\Airlines\neostore.counts.db.b], from [C:\Users\gOmZy\Documents\Neo4j\Airlines\neostore.counts.db.a].
2017-02-25 22:58:23.174+0000 INFO  [o.n.k.i.s.c.CountsTracker] Successfully rotated counts store at transaction 44 to [C:\Users\gOmZy\Documents\Neo4j\Airlines\neostore.counts.db.b], from [C:\Users\gOmZy\Documents\Neo4j\Airlines\neostore.counts.db.a].
2017-02-25 22:58:23.190+0000 INFO  [o.n.k.i.t.l.c.CheckPointerImpl] Check Pointing triggered by scheduler for time threshold [43]:  Store flush completed
2017-02-25 22:58:23.190+0000 INFO  [o.n.k.i.t.l.c.CheckPointerImpl] Check Pointing triggered by scheduler for time threshold [43]:  Starting appending check point entry into the tx log...
2017-02-25 22:58:23.205+0000 INFO  [o.n.k.i.t.l.c.CheckPointerImpl] Check Pointing triggered by scheduler for time threshold [43]:  Appending check point entry into the tx log completed
2017-02-25 22:58:23.205+0000 INFO  [o.n.k.i.t.l.c.CheckPointerImpl] Check Pointing triggered by scheduler for time threshold [43]:  Check pointing completed
2017-02-25 22:58:23.205+0000 INFO  [o.n.k.i.t.l.p.LogPruningImpl] Log Rotation [0]:  Starting log pruning.
2017-02-25 22:58:23.205+0000 INFO  [o.n.k.i.t.l.p.LogPruningImpl] Log Rotation [0]:  Log pruning complete.
2017-02-25 22:58:32.483+0000 INFO  [o.n.c.i.ExecutionEngine] Discarded stale query from the query cache: CREATE (_0:Author {_0})
RETURN _0
2017-02-25 22:58:32.483+0000 INFO  [o.n.c.i.CypherCompiler] Discarded stale query from the query cache: CREATE (_0:Author {_0})
RETURN _0
2017-02-25 22:58:54.716+0000 INFO  [o.n.c.i.ExecutionEngine] Discarded stale query from the query cache: CALL db.labels() YIELD label
WITH COLLECT(label) AS labels
RETURN 'labels' as a, labels as result
UNION
CALL db.relationshipTypes() YIELD relationshipType
WITH COLLECT(relationshipType) AS relationshipTypes
RETURN 'relationshipTypes'as a, relationshipTypes as result
UNION
CALL db.propertyKeys() YIELD propertyKey
WITH COLLECT(propertyKey) AS propertyKeys
RETURN 'propertyKeys' as a, propertyKeys as result
2017-02-25 22:58:54.732+0000 INFO  [o.n.c.i.CypherCompiler] Discarded stale query from the query cache: CALL db.labels() YIELD label
WITH COLLECT(label) AS labels
RETURN 'labels' as a, labels as result
UNION
CALL db.relationshipTypes() YIELD relationshipType
WITH COLLECT(relationshipType) AS relationshipTypes
RETURN 'relationshipTypes'as a, relationshipTypes as result
UNION
CALL db.propertyKeys() YIELD propertyKey
WITH COLLECT(propertyKey) AS propertyKeys
RETURN 'propertyKeys' as a, propertyKeys as result
2017-02-25 23:00:02.760+0000 WARN  [o.n.k.i.c.MonitorGc] GC Monitor: Application threads blocked for 252ms.
2017-02-25 23:03:23.374+0000 INFO  [o.n.k.i.t.l.c.CheckPointerImpl] Check Pointing triggered by scheduler for time threshold [5402]:  Starting check pointing...
2017-02-25 23:03:23.374+0000 INFO  [o.n.k.i.t.l.c.CheckPointerImpl] Check Pointing triggered by scheduler for time threshold [5402]:  Starting store flush...
2017-02-25 23:03:23.407+0000 INFO  [o.n.k.i.s.c.CountsTracker] About to rotate counts store at transaction 5402 to [C:\Users\gOmZy\Documents\Neo4j\Airlines\neostore.counts.db.a], from [C:\Users\gOmZy\Documents\Neo4j\Airlines\neostore.counts.db.b].
2017-02-25 23:03:23.411+0000 INFO  [o.n.k.i.s.c.CountsTracker] Successfully rotated counts store at transaction 5402 to [C:\Users\gOmZy\Documents\Neo4j\Airlines\neostore.counts.db.a], from [C:\Users\gOmZy\Documents\Neo4j\Airlines\neostore.counts.db.b].
2017-02-25 23:03:23.463+0000 INFO  [o.n.k.i.t.l.c.CheckPointerImpl] Check Pointing triggered by scheduler for time threshold [5402]:  Store flush completed
2017-02-25 23:03:23.463+0000 INFO  [o.n.k.i.t.l.c.CheckPointerImpl] Check Pointing triggered by scheduler for time threshold [5402]:  Starting appending check point entry into the tx log...
2017-02-25 23:03:23.465+0000 INFO  [o.n.k.i.t.l.c.CheckPointerImpl] Check Pointing triggered by scheduler for time threshold [5402]:  Appending check point entry into the tx log completed
2017-02-25 23:03:23.465+0000 INFO  [o.n.k.i.t.l.c.CheckPointerImpl] Check Pointing triggered by scheduler for time threshold [5402]:  Check pointing completed
2017-02-25 23:03:23.465+0000 INFO  [o.n.k.i.t.l.p.LogPruningImpl] Log Rotation [0]:  Starting log pruning.
2017-02-25 23:03:23.465+0000 INFO  [o.n.k.i.t.l.p.LogPruningImpl] Log Rotation [0]:  Log pruning complete.
2017-02-25 23:15:44.027+0000 INFO  [o.n.k.i.t.l.c.CheckPointerImpl] Check Pointing triggered by scheduler for time threshold [5403]:  Starting check pointing...
2017-02-25 23:15:44.027+0000 INFO  [o.n.k.i.t.l.c.CheckPointerImpl] Check Pointing triggered by scheduler for time threshold [5403]:  Starting store flush...
2017-02-25 23:15:44.027+0000 INFO  [o.n.k.i.s.c.CountsTracker] About to rotate counts store at transaction 5403 to [C:\Users\gOmZy\Documents\Neo4j\Airlines\neostore.counts.db.b], from [C:\Users\gOmZy\Documents\Neo4j\Airlines\neostore.counts.db.a].
2017-02-25 23:15:44.027+0000 INFO  [o.n.k.i.s.c.CountsTracker] Successfully rotated counts store at transaction 5403 to [C:\Users\gOmZy\Documents\Neo4j\Airlines\neostore.counts.db.b], from [C:\Users\gOmZy\Documents\Neo4j\Airlines\neostore.counts.db.a].
2017-02-25 23:15:44.074+0000 INFO  [o.n.k.i.t.l.c.CheckPointerImpl] Check Pointing triggered by scheduler for time threshold [5403]:  Store flush completed
2017-02-25 23:15:44.074+0000 INFO  [o.n.k.i.t.l.c.CheckPointerImpl] Check Pointing triggered by scheduler for time threshold [5403]:  Starting appending check point entry into the tx log...
2017-02-25 23:15:44.074+0000 INFO  [o.n.k.i.t.l.c.CheckPointerImpl] Check Pointing triggered by scheduler for time threshold [5403]:  Appending check point entry into the tx log completed
2017-02-25 23:15:44.074+0000 INFO  [o.n.k.i.t.l.c.CheckPointerImpl] Check Pointing triggered by scheduler for time threshold [5403]:  Check pointing completed
2017-02-25 23:15:44.074+0000 INFO  [o.n.k.i.t.l.p.LogPruningImpl] Log Rotation [0]:  Starting log pruning.
2017-02-25 23:15:44.074+0000 INFO  [o.n.k.i.t.l.p.LogPruningImpl] Log Rotation [0]:  Log pruning complete.
2017-02-25 23:15:49.753+0000 INFO  [o.n.c.i.ExecutionEngine] Discarded stale query from the query cache: CALL db.labels() YIELD label
WITH COLLECT(label) AS labels
RETURN 'labels' as a, labels as result
UNION
CALL db.relationshipTypes() YIELD relationshipType
WITH COLLECT(relationshipType) AS relationshipTypes
RETURN 'relationshipTypes'as a, relationshipTypes as result
UNION
CALL db.propertyKeys() YIELD propertyKey
WITH COLLECT(propertyKey) AS propertyKeys
RETURN 'propertyKeys' as a, propertyKeys as result
2017-02-25 23:15:49.758+0000 INFO  [o.n.c.i.CypherCompiler] Discarded stale query from the query cache: CALL db.labels() YIELD label
WITH COLLECT(label) AS labels
RETURN 'labels' as a, labels as result
UNION
CALL db.relationshipTypes() YIELD relationshipType
WITH COLLECT(relationshipType) AS relationshipTypes
RETURN 'relationshipTypes'as a, relationshipTypes as result
UNION
CALL db.propertyKeys() YIELD propertyKey
WITH COLLECT(propertyKey) AS propertyKeys
RETURN 'propertyKeys' as a, propertyKeys as result
2017-02-25 23:16:09.113+0000 INFO  [o.n.c.i.ExecutionEngine] Discarded stale query from the query cache: CALL db.labels() YIELD label
WITH COLLECT(label) AS labels
RETURN 'labels' as a, labels as result
UNION
CALL db.relationshipTypes() YIELD relationshipType
WITH COLLECT(relationshipType) AS relationshipTypes
RETURN 'relationshipTypes'as a, relationshipTypes as result
UNION
CALL db.propertyKeys() YIELD propertyKey
WITH COLLECT(propertyKey) AS propertyKeys
RETURN 'propertyKeys' as a, propertyKeys as result
2017-02-25 23:16:09.113+0000 INFO  [o.n.c.i.CypherCompiler] Discarded stale query from the query cache: CALL db.labels() YIELD label
WITH COLLECT(label) AS labels
RETURN 'labels' as a, labels as result
UNION
CALL db.relationshipTypes() YIELD relationshipType
WITH COLLECT(relationshipType) AS relationshipTypes
RETURN 'relationshipTypes'as a, relationshipTypes as result
UNION
CALL db.propertyKeys() YIELD propertyKey
WITH COLLECT(propertyKey) AS propertyKeys
RETURN 'propertyKeys' as a, propertyKeys as result
2017-02-25 23:16:12.021+0000 INFO  [o.n.c.i.ExecutionEngine] Discarded stale query from the query cache: CREATE (a0:Author {x0})
RETURN a0 LIMIT 1
2017-02-25 23:16:12.021+0000 INFO  [o.n.c.i.CypherCompiler] Discarded stale query from the query cache: CREATE (a0:Author {x0})
RETURN a0 LIMIT 1
2017-02-25 23:17:09.464+0000 INFO  [o.n.c.i.ExecutionEngine] Discarded stale query from the query cache: CALL db.labels() YIELD label
WITH COLLECT(label) AS labels
RETURN 'labels' as a, labels as result
UNION
CALL db.relationshipTypes() YIELD relationshipType
WITH COLLECT(relationshipType) AS relationshipTypes
RETURN 'relationshipTypes'as a, relationshipTypes as result
UNION
CALL db.propertyKeys() YIELD propertyKey
WITH COLLECT(propertyKey) AS propertyKeys
RETURN 'propertyKeys' as a, propertyKeys as result
2017-02-25 23:17:09.464+0000 INFO  [o.n.c.i.CypherCompiler] Discarded stale query from the query cache: CALL db.labels() YIELD label
WITH COLLECT(label) AS labels
RETURN 'labels' as a, labels as result
UNION
CALL db.relationshipTypes() YIELD relationshipType
WITH COLLECT(relationshipType) AS relationshipTypes
RETURN 'relationshipTypes'as a, relationshipTypes as result
UNION
CALL db.propertyKeys() YIELD propertyKey
WITH COLLECT(propertyKey) AS propertyKeys
RETURN 'propertyKeys' as a, propertyKeys as result
2017-02-25 23:20:44.309+0000 INFO  [o.n.k.i.t.l.c.CheckPointerImpl] Check Pointing triggered by scheduler for time threshold [10784]:  Starting check pointing...
2017-02-25 23:20:44.309+0000 INFO  [o.n.k.i.t.l.c.CheckPointerImpl] Check Pointing triggered by scheduler for time threshold [10784]:  Starting store flush...
2017-02-25 23:20:44.325+0000 INFO  [o.n.k.i.s.c.CountsTracker] About to rotate counts store at transaction 10784 to [C:\Users\gOmZy\Documents\Neo4j\Airlines\neostore.counts.db.a], from [C:\Users\gOmZy\Documents\Neo4j\Airlines\neostore.counts.db.b].
2017-02-25 23:20:44.341+0000 INFO  [o.n.k.i.s.c.CountsTracker] Successfully rotated counts store at transaction 10784 to [C:\Users\gOmZy\Documents\Neo4j\Airlines\neostore.counts.db.a], from [C:\Users\gOmZy\Documents\Neo4j\Airlines\neostore.counts.db.b].
2017-02-25 23:20:44.341+0000 INFO  [o.n.k.i.t.l.c.CheckPointerImpl] Check Pointing triggered by scheduler for time threshold [10784]:  Store flush completed
2017-02-25 23:20:44.341+0000 INFO  [o.n.k.i.t.l.c.CheckPointerImpl] Check Pointing triggered by scheduler for time threshold [10784]:  Starting appending check point entry into the tx log...
2017-02-25 23:20:44.356+0000 INFO  [o.n.k.i.t.l.c.CheckPointerImpl] Check Pointing triggered by scheduler for time threshold [10784]:  Appending check point entry into the tx log completed
2017-02-25 23:20:44.356+0000 INFO  [o.n.k.i.t.l.c.CheckPointerImpl] Check Pointing triggered by scheduler for time threshold [10784]:  Check pointing completed
2017-02-25 23:20:44.356+0000 INFO  [o.n.k.i.t.l.p.LogPruningImpl] Log Rotation [0]:  Starting log pruning.
2017-02-25 23:20:44.356+0000 INFO  [o.n.k.i.t.l.p.LogPruningImpl] Log Rotation [0]:  Log pruning complete.
2017-02-25 23:30:24.738+0000 INFO  [o.n.c.i.ExecutionEngine] Discarded stale query from the query cache: CREATE (a0:Author {x0})
RETURN a0 LIMIT 1
2017-02-25 23:30:24.738+0000 INFO  [o.n.c.i.CypherCompiler] Discarded stale query from the query cache: CREATE (a0:Author {x0})
RETURN a0 LIMIT 1
2017-02-25 23:30:24.878+0000 INFO  [o.n.k.i.t.l.c.CheckPointerImpl] Check Pointing triggered by scheduler for time threshold [10812]:  Starting check pointing...
2017-02-25 23:30:24.878+0000 INFO  [o.n.k.i.t.l.c.CheckPointerImpl] Check Pointing triggered by scheduler for time threshold [10812]:  Starting store flush...
2017-02-25 23:30:24.894+0000 INFO  [o.n.k.i.s.c.CountsTracker] About to rotate counts store at transaction 10816 to [C:\Users\gOmZy\Documents\Neo4j\Airlines\neostore.counts.db.b], from [C:\Users\gOmZy\Documents\Neo4j\Airlines\neostore.counts.db.a].
2017-02-25 23:30:24.894+0000 INFO  [o.n.k.i.s.c.CountsTracker] Successfully rotated counts store at transaction 10816 to [C:\Users\gOmZy\Documents\Neo4j\Airlines\neostore.counts.db.b], from [C:\Users\gOmZy\Documents\Neo4j\Airlines\neostore.counts.db.a].
2017-02-25 23:30:24.910+0000 INFO  [o.n.k.i.t.l.c.CheckPointerImpl] Check Pointing triggered by scheduler for time threshold [10812]:  Store flush completed
2017-02-25 23:30:24.910+0000 INFO  [o.n.k.i.t.l.c.CheckPointerImpl] Check Pointing triggered by scheduler for time threshold [10812]:  Starting appending check point entry into the tx log...
2017-02-25 23:30:24.910+0000 INFO  [o.n.k.i.t.l.c.CheckPointerImpl] Check Pointing triggered by scheduler for time threshold [10812]:  Appending check point entry into the tx log completed
2017-02-25 23:30:24.910+0000 INFO  [o.n.k.i.t.l.c.CheckPointerImpl] Check Pointing triggered by scheduler for time threshold [10812]:  Check pointing completed
2017-02-25 23:30:24.910+0000 INFO  [o.n.k.i.t.l.p.LogPruningImpl] Log Rotation [0]:  Starting log pruning.
2017-02-25 23:30:24.910+0000 INFO  [o.n.k.i.t.l.p.LogPruningImpl] Log Rotation [0]:  Log pruning complete.
2017-02-25 23:30:28.814+0000 INFO  [o.n.c.i.ExecutionEngine] Discarded stale query from the query cache: CALL db.labels() YIELD label
WITH COLLECT(label) AS labels
RETURN 'labels' as a, labels as result
UNION
CALL db.relationshipTypes() YIELD relationshipType
WITH COLLECT(relationshipType) AS relationshipTypes
RETURN 'relationshipTypes'as a, relationshipTypes as result
UNION
CALL db.propertyKeys() YIELD propertyKey
WITH COLLECT(propertyKey) AS propertyKeys
RETURN 'propertyKeys' as a, propertyKeys as result
2017-02-25 23:30:28.814+0000 INFO  [o.n.c.i.CypherCompiler] Discarded stale query from the query cache: CALL db.labels() YIELD label
WITH COLLECT(label) AS labels
RETURN 'labels' as a, labels as result
UNION
CALL db.relationshipTypes() YIELD relationshipType
WITH COLLECT(relationshipType) AS relationshipTypes
RETURN 'relationshipTypes'as a, relationshipTypes as result
UNION
CALL db.propertyKeys() YIELD propertyKey
WITH COLLECT(propertyKey) AS propertyKeys
RETURN 'propertyKeys' as a, propertyKeys as result
2017-02-25 23:30:34.749+0000 INFO  [o.n.c.i.ExecutionEngine] Discarded stale query from the query cache: CREATE (a0:Author {x0})
RETURN a0 LIMIT 1
2017-02-25 23:30:34.749+0000 INFO  [o.n.c.i.CypherCompiler] Discarded stale query from the query cache: CREATE (a0:Author {x0})
RETURN a0 LIMIT 1
2017-02-25 23:31:29.170+0000 INFO  [o.n.c.i.ExecutionEngine] Discarded stale query from the query cache: CALL db.labels() YIELD label
WITH COLLECT(label) AS labels
RETURN 'labels' as a, labels as result
UNION
CALL db.relationshipTypes() YIELD relationshipType
WITH COLLECT(relationshipType) AS relationshipTypes
RETURN 'relationshipTypes'as a, relationshipTypes as result
UNION
CALL db.propertyKeys() YIELD propertyKey
WITH COLLECT(propertyKey) AS propertyKeys
RETURN 'propertyKeys' as a, propertyKeys as result
2017-02-25 23:31:29.170+0000 INFO  [o.n.c.i.CypherCompiler] Discarded stale query from the query cache: CALL db.labels() YIELD label
WITH COLLECT(label) AS labels
RETURN 'labels' as a, labels as result
UNION
CALL db.relationshipTypes() YIELD relationshipType
WITH COLLECT(relationshipType) AS relationshipTypes
RETURN 'relationshipTypes'as a, relationshipTypes as result
UNION
CALL db.propertyKeys() YIELD propertyKey
WITH COLLECT(propertyKey) AS propertyKeys
RETURN 'propertyKeys' as a, propertyKeys as result
2017-02-25 23:35:25.190+0000 INFO  [o.n.k.i.t.l.c.CheckPointerImpl] Check Pointing triggered by scheduler for time threshold [16166]:  Starting check pointing...
2017-02-25 23:35:25.190+0000 INFO  [o.n.k.i.t.l.c.CheckPointerImpl] Check Pointing triggered by scheduler for time threshold [16166]:  Starting store flush...
2017-02-25 23:35:25.221+0000 INFO  [o.n.k.i.s.c.CountsTracker] About to rotate counts store at transaction 16166 to [C:\Users\gOmZy\Documents\Neo4j\Airlines\neostore.counts.db.a], from [C:\Users\gOmZy\Documents\Neo4j\Airlines\neostore.counts.db.b].
2017-02-25 23:35:25.221+0000 INFO  [o.n.k.i.s.c.CountsTracker] Successfully rotated counts store at transaction 16166 to [C:\Users\gOmZy\Documents\Neo4j\Airlines\neostore.counts.db.a], from [C:\Users\gOmZy\Documents\Neo4j\Airlines\neostore.counts.db.b].
2017-02-25 23:35:25.237+0000 INFO  [o.n.k.i.t.l.c.CheckPointerImpl] Check Pointing triggered by scheduler for time threshold [16166]:  Store flush completed
2017-02-25 23:35:25.237+0000 INFO  [o.n.k.i.t.l.c.CheckPointerImpl] Check Pointing triggered by scheduler for time threshold [16166]:  Starting appending check point entry into the tx log...
2017-02-25 23:35:25.237+0000 INFO  [o.n.k.i.t.l.c.CheckPointerImpl] Check Pointing triggered by scheduler for time threshold [16166]:  Appending check point entry into the tx log completed
2017-02-25 23:35:25.237+0000 INFO  [o.n.k.i.t.l.c.CheckPointerImpl] Check Pointing triggered by scheduler for time threshold [16166]:  Check pointing completed
2017-02-25 23:35:25.237+0000 INFO  [o.n.k.i.t.l.p.LogPruningImpl] Log Rotation [0]:  Starting log pruning.
2017-02-25 23:35:25.237+0000 INFO  [o.n.k.i.t.l.p.LogPruningImpl] Log Rotation [0]:  Log pruning complete.
2017-02-25 23:46:52.753+0000 INFO  [o.n.c.i.ExecutionEngine] Discarded stale query from the query cache: CREATE (a0:Author {x0})
RETURN a0 LIMIT 1
2017-02-25 23:46:52.753+0000 INFO  [o.n.c.i.CypherCompiler] Discarded stale query from the query cache: CREATE (a0:Author {x0})
RETURN a0 LIMIT 1
2017-02-25 23:46:55.738+0000 INFO  [o.n.k.i.t.l.c.CheckPointerImpl] Check Pointing triggered by scheduler for time threshold [16828]:  Starting check pointing...
2017-02-25 23:46:55.738+0000 INFO  [o.n.k.i.t.l.c.CheckPointerImpl] Check Pointing triggered by scheduler for time threshold [16828]:  Starting store flush...
2017-02-25 23:46:55.753+0000 INFO  [o.n.k.i.s.c.CountsTracker] About to rotate counts store at transaction 16832 to [C:\Users\gOmZy\Documents\Neo4j\Airlines\neostore.counts.db.b], from [C:\Users\gOmZy\Documents\Neo4j\Airlines\neostore.counts.db.a].
2017-02-25 23:46:55.753+0000 INFO  [o.n.k.i.s.c.CountsTracker] Successfully rotated counts store at transaction 16832 to [C:\Users\gOmZy\Documents\Neo4j\Airlines\neostore.counts.db.b], from [C:\Users\gOmZy\Documents\Neo4j\Airlines\neostore.counts.db.a].
2017-02-25 23:46:55.769+0000 INFO  [o.n.k.i.t.l.c.CheckPointerImpl] Check Pointing triggered by scheduler for time threshold [16828]:  Store flush completed
2017-02-25 23:46:55.769+0000 INFO  [o.n.k.i.t.l.c.CheckPointerImpl] Check Pointing triggered by scheduler for time threshold [16828]:  Starting appending check point entry into the tx log...
2017-02-25 23:46:55.769+0000 INFO  [o.n.k.i.t.l.c.CheckPointerImpl] Check Pointing triggered by scheduler for time threshold [16828]:  Appending check point entry into the tx log completed
2017-02-25 23:46:55.769+0000 INFO  [o.n.k.i.t.l.c.CheckPointerImpl] Check Pointing triggered by scheduler for time threshold [16828]:  Check pointing completed
2017-02-25 23:46:55.769+0000 INFO  [o.n.k.i.t.l.p.LogPruningImpl] Log Rotation [0]:  Starting log pruning.
2017-02-25 23:46:55.769+0000 INFO  [o.n.k.i.t.l.p.LogPruningImpl] Log Rotation [0]:  Log pruning complete.
2017-02-25 23:47:02.763+0000 INFO  [o.n.c.i.ExecutionEngine] Discarded stale query from the query cache: CREATE (a0:Author {x0})
RETURN a0 LIMIT 1
2017-02-25 23:47:02.763+0000 INFO  [o.n.c.i.CypherCompiler] Discarded stale query from the query cache: CREATE (a0:Author {x0})
RETURN a0 LIMIT 1
2017-02-25 23:51:55.895+0000 INFO  [o.n.k.i.t.l.c.CheckPointerImpl] Check Pointing triggered by scheduler for time threshold [21548]:  Starting check pointing...
2017-02-25 23:51:55.895+0000 INFO  [o.n.k.i.t.l.c.CheckPointerImpl] Check Pointing triggered by scheduler for time threshold [21548]:  Starting store flush...
2017-02-25 23:51:55.927+0000 INFO  [o.n.k.i.s.c.CountsTracker] About to rotate counts store at transaction 21548 to [C:\Users\gOmZy\Documents\Neo4j\Airlines\neostore.counts.db.a], from [C:\Users\gOmZy\Documents\Neo4j\Airlines\neostore.counts.db.b].
2017-02-25 23:51:55.931+0000 INFO  [o.n.k.i.s.c.CountsTracker] Successfully rotated counts store at transaction 21548 to [C:\Users\gOmZy\Documents\Neo4j\Airlines\neostore.counts.db.a], from [C:\Users\gOmZy\Documents\Neo4j\Airlines\neostore.counts.db.b].
2017-02-25 23:51:55.943+0000 INFO  [o.n.k.i.t.l.c.CheckPointerImpl] Check Pointing triggered by scheduler for time threshold [21548]:  Store flush completed
2017-02-25 23:51:55.943+0000 INFO  [o.n.k.i.t.l.c.CheckPointerImpl] Check Pointing triggered by scheduler for time threshold [21548]:  Starting appending check point entry into the tx log...
2017-02-25 23:51:55.947+0000 INFO  [o.n.k.i.t.l.c.CheckPointerImpl] Check Pointing triggered by scheduler for time threshold [21548]:  Appending check point entry into the tx log completed
2017-02-25 23:51:55.947+0000 INFO  [o.n.k.i.t.l.c.CheckPointerImpl] Check Pointing triggered by scheduler for time threshold [21548]:  Check pointing completed
2017-02-25 23:51:55.947+0000 INFO  [o.n.k.i.t.l.p.LogPruningImpl] Log Rotation [0]:  Starting log pruning.
2017-02-25 23:51:55.947+0000 INFO  [o.n.k.i.t.l.p.LogPruningImpl] Log Rotation [0]:  Log pruning complete.
2017-02-25 23:51:56.339+0000 INFO  [o.n.c.i.ExecutionEngine] Discarded stale query from the query cache: CREATE (a0:Author {x0})
RETURN a0 LIMIT 1
2017-02-25 23:51:56.343+0000 INFO  [o.n.c.i.CypherCompiler] Discarded stale query from the query cache: CREATE (a0:Author {x0})
RETURN a0 LIMIT 1
2017-02-25 23:52:06.357+0000 INFO  [o.n.c.i.ExecutionEngine] Discarded stale query from the query cache: CREATE (a0:Author {x0})
RETURN a0 LIMIT 1
2017-02-25 23:52:06.357+0000 INFO  [o.n.c.i.CypherCompiler] Discarded stale query from the query cache: CREATE (a0:Author {x0})
RETURN a0 LIMIT 1
2017-02-25 23:56:56.004+0000 INFO  [o.n.k.i.t.l.c.CheckPointerImpl] Check Pointing triggered by scheduler for time threshold [26931]:  Starting check pointing...
2017-02-25 23:56:56.004+0000 INFO  [o.n.k.i.t.l.c.CheckPointerImpl] Check Pointing triggered by scheduler for time threshold [26931]:  Starting store flush...
2017-02-25 23:56:56.016+0000 INFO  [o.n.k.i.s.c.CountsTracker] About to rotate counts store at transaction 26931 to [C:\Users\gOmZy\Documents\Neo4j\Airlines\neostore.counts.db.b], from [C:\Users\gOmZy\Documents\Neo4j\Airlines\neostore.counts.db.a].
2017-02-25 23:56:56.016+0000 INFO  [o.n.k.i.s.c.CountsTracker] Successfully rotated counts store at transaction 26931 to [C:\Users\gOmZy\Documents\Neo4j\Airlines\neostore.counts.db.b], from [C:\Users\gOmZy\Documents\Neo4j\Airlines\neostore.counts.db.a].
2017-02-25 23:56:56.076+0000 INFO  [o.n.k.i.t.l.c.CheckPointerImpl] Check Pointing triggered by scheduler for time threshold [26931]:  Store flush completed
2017-02-25 23:56:56.076+0000 INFO  [o.n.k.i.t.l.c.CheckPointerImpl] Check Pointing triggered by scheduler for time threshold [26931]:  Starting appending check point entry into the tx log...
2017-02-25 23:56:56.076+0000 INFO  [o.n.k.i.t.l.c.CheckPointerImpl] Check Pointing triggered by scheduler for time threshold [26931]:  Appending check point entry into the tx log completed
2017-02-25 23:56:56.076+0000 INFO  [o.n.k.i.t.l.c.CheckPointerImpl] Check Pointing triggered by scheduler for time threshold [26931]:  Check pointing completed
2017-02-25 23:56:56.076+0000 INFO  [o.n.k.i.t.l.p.LogPruningImpl] Log Rotation [0]:  Starting log pruning.
2017-02-25 23:56:56.076+0000 INFO  [o.n.k.i.t.l.p.LogPruningImpl] Log Rotation [0]:  Log pruning complete.
2017-02-26 00:02:41.756+0000 WARN  [o.n.k.i.c.MonitorGc] GC Monitor: Application threads blocked for 1580ms.
2017-02-26 00:14:35.181+0000 WARN  [o.n.k.i.c.MonitorGc] GC Monitor: Application threads blocked for 2217ms.
2017-02-26 00:16:27.168+0000 WARN  [o.n.k.i.c.MonitorGc] GC Monitor: Application threads blocked for 1293ms.
2017-02-26 00:39:01.321+0000 WARN  [o.n.k.i.c.MonitorGc] GC Monitor: Application threads blocked for 218ms.
2017-02-26 00:49:39.951+0000 WARN  [o.n.k.i.c.MonitorGc] GC Monitor: Application threads blocked for 1601ms.
2017-02-26 00:51:01.704+0000 WARN  [o.n.k.i.c.MonitorGc] GC Monitor: Application threads blocked for 232ms.
2017-02-26 01:00:59.556+0000 WARN  [o.n.k.i.c.MonitorGc] GC Monitor: Application threads blocked for 725ms.
2017-02-26 01:11:19.041+0000 WARN  [o.n.k.i.c.MonitorGc] GC Monitor: Application threads blocked for 2352ms.
2017-02-26 01:19:27.489+0000 WARN  [o.n.k.i.c.MonitorGc] GC Monitor: Application threads blocked for 244ms.
2017-02-26 01:20:12.280+0000 WARN  [o.n.k.i.c.MonitorGc] GC Monitor: Application threads blocked for 1258ms.
2017-02-26 01:26:56.337+0000 WARN  [o.n.k.i.c.MonitorGc] GC Monitor: Application threads blocked for 2453ms.
2017-02-26 01:27:26.089+0000 WARN  [o.n.k.i.c.MonitorGc] GC Monitor: Application threads blocked for 263ms.
2017-02-26 01:27:27.355+0000 WARN  [o.n.k.i.c.MonitorGc] GC Monitor: Application threads blocked for 300ms.
2017-02-26 01:27:30.433+0000 WARN  [o.n.k.i.c.MonitorGc] GC Monitor: Application threads blocked for 2652ms.
2017-02-26 01:33:57.857+0000 WARN  [o.n.k.i.c.MonitorGc] GC Monitor: Application threads blocked for 255ms.
2017-02-26 01:34:00.882+0000 WARN  [o.n.k.i.c.MonitorGc] GC Monitor: Application threads blocked for 2715ms.
2017-02-26 01:34:25.133+0000 WARN  [o.n.k.i.c.MonitorGc] GC Monitor: Application threads blocked for 361ms.
2017-02-26 01:34:25.665+0000 WARN  [o.n.k.i.c.MonitorGc] GC Monitor: Application threads blocked for 220ms.
2017-02-26 01:34:29.784+0000 WARN  [o.n.k.i.c.MonitorGc] GC Monitor: Application threads blocked for 3159ms.
2017-02-26 01:48:01.556+0000 INFO  [o.n.k.i.t.l.c.CheckPointerImpl] Check Pointing triggered by scheduler for time threshold [26934]:  Starting check pointing...
2017-02-26 01:48:01.556+0000 INFO  [o.n.k.i.t.l.c.CheckPointerImpl] Check Pointing triggered by scheduler for time threshold [26934]:  Starting store flush...
2017-02-26 01:48:01.556+0000 INFO  [o.n.k.i.s.c.CountsTracker] About to rotate counts store at transaction 26934 to [C:\Users\gOmZy\Documents\Neo4j\Airlines\neostore.counts.db.a], from [C:\Users\gOmZy\Documents\Neo4j\Airlines\neostore.counts.db.b].
2017-02-26 01:48:01.572+0000 INFO  [o.n.k.i.s.c.CountsTracker] Successfully rotated counts store at transaction 26934 to [C:\Users\gOmZy\Documents\Neo4j\Airlines\neostore.counts.db.a], from [C:\Users\gOmZy\Documents\Neo4j\Airlines\neostore.counts.db.b].
2017-02-26 01:48:01.603+0000 INFO  [o.n.k.i.t.l.c.CheckPointerImpl] Check Pointing triggered by scheduler for time threshold [26934]:  Store flush completed
2017-02-26 01:48:01.603+0000 INFO  [o.n.k.i.t.l.c.CheckPointerImpl] Check Pointing triggered by scheduler for time threshold [26934]:  Starting appending check point entry into the tx log...
2017-02-26 01:48:01.603+0000 INFO  [o.n.k.i.t.l.c.CheckPointerImpl] Check Pointing triggered by scheduler for time threshold [26934]:  Appending check point entry into the tx log completed
2017-02-26 01:48:01.603+0000 INFO  [o.n.k.i.t.l.c.CheckPointerImpl] Check Pointing triggered by scheduler for time threshold [26934]:  Check pointing completed
2017-02-26 01:48:01.603+0000 INFO  [o.n.k.i.t.l.p.LogPruningImpl] Log Rotation [0]:  Starting log pruning.
2017-02-26 01:48:01.603+0000 INFO  [o.n.k.i.t.l.p.LogPruningImpl] Log Rotation [0]:  Log pruning complete.
